<?xml version="1.0" encoding="UTF-8"?>
<testng-results ignored="0" total="1" passed="1" failed="0" skipped="0">
  <reporter-output>
  </reporter-output>
  <suite started-at="2023-05-10T13:14:34 EET" name="Default suite" finished-at="2023-05-10T13:15:00 EET" duration-ms="26158">
    <groups>
    </groups>
    <test started-at="2023-05-10T13:14:34 EET" name="Default test" finished-at="2023-05-10T13:15:00 EET" duration-ms="26158">
      <class name="alldigitnumber">
        <test-method is-config="true" signature="beforetest()[pri:0, instance:alldigitnumber@6e20b53a]" started-at="2023-05-10T13:14:34 EET" name="beforetest" finished-at="2023-05-10T13:14:34 EET" duration-ms="18" status="PASS">
          <reporter-output>
          </reporter-output>
        </test-method> <!-- beforetest -->
        <test-method signature="testAppium1()[pri:0, instance:alldigitnumber@6e20b53a]" started-at="2023-05-10T13:14:34 EET" name="testAppium1" finished-at="2023-05-10T13:15:00 EET" duration-ms="26104" status="PASS">
          <reporter-output>
          </reporter-output>
        </test-method> <!-- testAppium1 -->
        <test-method is-config="true" signature="aftertest()[pri:0, instance:alldigitnumber@6e20b53a]" started-at="2023-05-10T13:15:00 EET" name="aftertest" finished-at="2023-05-10T13:15:00 EET" duration-ms="0" status="PASS">
          <reporter-output>
          </reporter-output>
        </test-method> <!-- aftertest -->
      </class> <!-- alldigitnumber -->
    </test> <!-- Default test -->
  </suite> <!-- Default suite -->
</testng-results>
